This is pdfTeX, Version 3.14159265-2.6-1.40.20 (MiKTeX 2.9.7000 64-bit) (preloaded format=pdflatex 2019.4.14)  26 APR 2019 13:33
entering extended mode
**./antenasmoviles.tex
(antenasmoviles.tex
LaTeX2e <2018-12-01>
("C:\Users\Manuel\AppData\Local\Programs\MiKTeX 2.9\tex/latex/base\article.cls"
Document Class: article 2018/09/03 v1.4i Standard LaTeX document class
("C:\Users\Manuel\AppData\Local\Programs\MiKTeX 2.9\tex/latex/base\size11.clo"
File: size11.clo 2018/09/03 v1.4i Standard LaTeX file (size option)
)
\c@part=\count80
\c@section=\count81
\c@subsection=\count82
\c@subsubsection=\count83
\c@paragraph=\count84
\c@subparagraph=\count85
\c@figure=\count86
\c@table=\count87
\abovecaptionskip=\skip41
\belowcaptionskip=\skip42
\bibindent=\dimen102
)
("C:\Users\Manuel\AppData\Local\Programs\MiKTeX 2.9\tex/latex/base\inputenc.sty
"
Package: inputenc 2018/08/11 v1.3c Input encoding file
\inpenc@prehook=\toks14
\inpenc@posthook=\toks15
)
("C:\Users\Manuel\AppData\Local\Programs\MiKTeX 2.9\tex/generic/babel\babel.sty
"
Package: babel 2019/04/01 3.28 The Babel package

("C:\Users\Manuel\AppData\Local\Programs\MiKTeX 2.9\tex/generic/babel\switch.de
f"
File: switch.def 2019/04/01 3.28 Babel switching mechanism
)
*************************************
* Local config file bblopts.cfg used
*
("C:\Users\Manuel\AppData\Local\Programs\MiKTeX 2.9\tex/latex/arabi\bblopts.cfg
"
File: bblopts.cfg 2005/09/08 v0.1 add Arabic and Farsi to "declared" options of
 babel
)
("C:\Users\Manuel\AppData\Local\Programs\MiKTeX 2.9\tex/latex/babel-spanish\spa
nish.ldf"
Language: spanish.ldf 2016/03/03 v5.0p Spanish support from the babel system

("C:\Users\Manuel\AppData\Local\Programs\MiKTeX 2.9\tex/generic/babel\babel.def
"
File: babel.def 2019/04/01 3.28 Babel common definitions
\babel@savecnt=\count88
\U@D=\dimen103

("C:\Users\Manuel\AppData\Local\Programs\MiKTeX 2.9\tex/generic/babel\txtbabel.
def")
\bbl@dirlevel=\count89
)
\es@quottoks=\toks16
\es@quotdepth=\count90
Package babel Info: Making " an active character on input line 561.
Package babel Info: Making . an active character on input line 662.
Package babel Info: Making < an active character on input line 707.
Package babel Info: Making > an active character on input line 707.
))
("C:\Users\Manuel\AppData\Local\Programs\MiKTeX 2.9\tex/latex/base\fontenc.sty"
Package: fontenc 2018/08/11 v2.0j Standard LaTeX package
("C:\Users\Manuel\AppData\Local\Programs\MiKTeX 2.9\tex/latex/base\t1enc.def"
File: t1enc.def 2018/08/11 v2.0j Standard LaTeX file
LaTeX Font Info:    Redeclaring font encoding T1 on input line 48.
)) ("C:\Users\Manuel\AppData\Local\Programs\MiKTeX 2.9\tex/latex/lm\lmodern.sty
"
Package: lmodern 2009/10/30 v1.6 Latin Modern Fonts
LaTeX Font Info:    Overwriting symbol font `operators' in version `normal'
(Font)                  OT1/cmr/m/n --> OT1/lmr/m/n on input line 22.
LaTeX Font Info:    Overwriting symbol font `letters' in version `normal'
(Font)                  OML/cmm/m/it --> OML/lmm/m/it on input line 23.
LaTeX Font Info:    Overwriting symbol font `symbols' in version `normal'
(Font)                  OMS/cmsy/m/n --> OMS/lmsy/m/n on input line 24.
LaTeX Font Info:    Overwriting symbol font `largesymbols' in version `normal'
(Font)                  OMX/cmex/m/n --> OMX/lmex/m/n on input line 25.
LaTeX Font Info:    Overwriting symbol font `operators' in version `bold'
(Font)                  OT1/cmr/bx/n --> OT1/lmr/bx/n on input line 26.
LaTeX Font Info:    Overwriting symbol font `letters' in version `bold'
(Font)                  OML/cmm/b/it --> OML/lmm/b/it on input line 27.
LaTeX Font Info:    Overwriting symbol font `symbols' in version `bold'
(Font)                  OMS/cmsy/b/n --> OMS/lmsy/b/n on input line 28.
LaTeX Font Info:    Overwriting symbol font `largesymbols' in version `bold'
(Font)                  OMX/cmex/m/n --> OMX/lmex/m/n on input line 29.
LaTeX Font Info:    Overwriting math alphabet `\mathbf' in version `normal'
(Font)                  OT1/cmr/bx/n --> OT1/lmr/bx/n on input line 31.
LaTeX Font Info:    Overwriting math alphabet `\mathsf' in version `normal'
(Font)                  OT1/cmss/m/n --> OT1/lmss/m/n on input line 32.
LaTeX Font Info:    Overwriting math alphabet `\mathit' in version `normal'
(Font)                  OT1/cmr/m/it --> OT1/lmr/m/it on input line 33.
LaTeX Font Info:    Overwriting math alphabet `\mathtt' in version `normal'
(Font)                  OT1/cmtt/m/n --> OT1/lmtt/m/n on input line 34.
LaTeX Font Info:    Overwriting math alphabet `\mathbf' in version `bold'
(Font)                  OT1/cmr/bx/n --> OT1/lmr/bx/n on input line 35.
LaTeX Font Info:    Overwriting math alphabet `\mathsf' in version `bold'
(Font)                  OT1/cmss/bx/n --> OT1/lmss/bx/n on input line 36.
LaTeX Font Info:    Overwriting math alphabet `\mathit' in version `bold'
(Font)                  OT1/cmr/bx/it --> OT1/lmr/bx/it on input line 37.
LaTeX Font Info:    Overwriting math alphabet `\mathtt' in version `bold'
(Font)                  OT1/cmtt/m/n --> OT1/lmtt/m/n on input line 38.
) ("C:\Users\Manuel\AppData\Local\Programs\MiKTeX 2.9\tex/latex/float\float.sty
"
Package: float 2001/11/08 v1.3d Float enhancements (AL)
\c@float@type=\count91
\float@exts=\toks17
\float@box=\box27
\@float@everytoks=\toks18
\@floatcapt=\box28
)
("C:\Users\Manuel\AppData\Local\Programs\MiKTeX 2.9\tex/latex/parskip\parskip.s
ty"
Package: parskip 2019-01-16 v2.0c non-zero parskip adjustments

("C:\Users\Manuel\AppData\Local\Programs\MiKTeX 2.9\tex/latex/oberdiek\kvoption
s.sty"
Package: kvoptions 2016/05/16 v3.12 Key value format for package options (HO)

("C:\Users\Manuel\AppData\Local\Programs\MiKTeX 2.9\tex/latex/graphics\keyval.s
ty"
Package: keyval 2014/10/28 v1.15 key=value parser (DPC)
\KV@toks@=\toks19
)
("C:\Users\Manuel\AppData\Local\Programs\MiKTeX 2.9\tex/generic/oberdiek\ltxcmd
s.sty"
Package: ltxcmds 2016/05/16 v1.23 LaTeX kernel commands for general use (HO)
)
("C:\Users\Manuel\AppData\Local\Programs\MiKTeX 2.9\tex/generic/oberdiek\kvsetk
eys.sty"
Package: kvsetkeys 2016/05/16 v1.17 Key value parser (HO)

("C:\Users\Manuel\AppData\Local\Programs\MiKTeX 2.9\tex/generic/oberdiek\infwar
err.sty"
Package: infwarerr 2016/05/16 v1.4 Providing info/warning/error messages (HO)
)
("C:\Users\Manuel\AppData\Local\Programs\MiKTeX 2.9\tex/generic/oberdiek\etexcm
ds.sty"
Package: etexcmds 2016/05/16 v1.6 Avoid name clashes with e-TeX commands (HO)

("C:\Users\Manuel\AppData\Local\Programs\MiKTeX 2.9\tex/generic/oberdiek\ifluat
ex.sty"
Package: ifluatex 2016/05/16 v1.4 Provides the ifluatex switch (HO)
Package ifluatex Info: LuaTeX not detected.
))))
("C:\Users\Manuel\AppData\Local\Programs\MiKTeX 2.9\tex/latex/etoolbox\etoolbox
.sty"
Package: etoolbox 2018/08/19 v2.5f e-TeX tools for LaTeX (JAW)
\etb@tempcnta=\count92
))
("C:\Users\Manuel\AppData\Local\Programs\MiKTeX 2.9\tex/latex/graphics\graphicx
.sty"
Package: graphicx 2017/06/01 v1.1a Enhanced LaTeX Graphics (DPC,SPQR)

("C:\Users\Manuel\AppData\Local\Programs\MiKTeX 2.9\tex/latex/graphics\graphics
.sty"
Package: graphics 2017/06/25 v1.2c Standard LaTeX Graphics (DPC,SPQR)

("C:\Users\Manuel\AppData\Local\Programs\MiKTeX 2.9\tex/latex/graphics\trig.sty
"
Package: trig 2016/01/03 v1.10 sin cos tan (DPC)
)
("C:\Users\Manuel\AppData\Local\Programs\MiKTeX 2.9\tex/latex/graphics-cfg\grap
hics.cfg"
File: graphics.cfg 2016/06/04 v1.11 sample graphics configuration
)
Package graphics Info: Driver file: pdftex.def on input line 99.

("C:\Users\Manuel\AppData\Local\Programs\MiKTeX 2.9\tex/latex/graphics-def\pdft
ex.def"
File: pdftex.def 2018/01/08 v1.0l Graphics/color driver for pdftex
))
\Gin@req@height=\dimen104
\Gin@req@width=\dimen105
)
("C:\Users\Manuel\AppData\Local\Programs\MiKTeX 2.9\tex/latex/xcolor\xcolor.sty
"
Package: xcolor 2016/05/11 v2.12 LaTeX color extensions (UK)

("C:\Users\Manuel\AppData\Local\Programs\MiKTeX 2.9\tex/latex/graphics-cfg\colo
r.cfg"
File: color.cfg 2016/01/02 v1.6 sample color configuration
)
Package xcolor Info: Driver file: pdftex.def on input line 225.
Package xcolor Info: Model `cmy' substituted by `cmy0' on input line 1348.
Package xcolor Info: Model `hsb' substituted by `rgb' on input line 1352.
Package xcolor Info: Model `RGB' extended on input line 1364.
Package xcolor Info: Model `HTML' substituted by `rgb' on input line 1366.
Package xcolor Info: Model `Hsb' substituted by `hsb' on input line 1367.
Package xcolor Info: Model `tHsb' substituted by `hsb' on input line 1368.
Package xcolor Info: Model `HSB' substituted by `hsb' on input line 1369.
Package xcolor Info: Model `Gray' substituted by `gray' on input line 1370.
Package xcolor Info: Model `wave' substituted by `hsb' on input line 1371.
) (antenasmoviles.aux
LaTeX Info: Redefining \. on input line 6.
LaTeX Info: Redefining \% on input line 6.
)
\openout1 = `antenasmoviles.aux'.

LaTeX Font Info:    Checking defaults for OML/cmm/m/it on input line 15.
LaTeX Font Info:    ... okay on input line 15.
LaTeX Font Info:    Checking defaults for T1/cmr/m/n on input line 15.
LaTeX Font Info:    ... okay on input line 15.
LaTeX Font Info:    Checking defaults for OT1/cmr/m/n on input line 15.
LaTeX Font Info:    ... okay on input line 15.
LaTeX Font Info:    Checking defaults for OMS/cmsy/m/n on input line 15.
LaTeX Font Info:    ... okay on input line 15.
LaTeX Font Info:    Checking defaults for OMX/cmex/m/n on input line 15.
LaTeX Font Info:    ... okay on input line 15.
LaTeX Font Info:    Checking defaults for U/cmr/m/n on input line 15.
LaTeX Font Info:    ... okay on input line 15.
LaTeX Font Info:    Try loading font information for T1+lmr on input line 15.

("C:\Users\Manuel\AppData\Local\Programs\MiKTeX 2.9\tex/latex/lm\t1lmr.fd"
File: t1lmr.fd 2009/10/30 v1.6 Font defs for Latin Modern
)
LaTeX Info: Redefining \. on input line 15.
LaTeX Info: Redefining \% on input line 15.

("C:\Users\Manuel\AppData\Local\Programs\MiKTeX 2.9\tex/context/base/mkii\supp-
pdf.mkii"
[Loading MPS to PDF converter (version 2006.09.02).]
\scratchcounter=\count93
\scratchdimen=\dimen106
\scratchbox=\box29
\nofMPsegments=\count94
\nofMParguments=\count95
\everyMPshowfont=\toks20
\MPscratchCnt=\count96
\MPscratchDim=\dimen107
\MPnumerator=\count97
\makeMPintoPDFobject=\count98
\everyMPtoPDFconversion=\toks21
)
("C:\Users\Manuel\AppData\Local\Programs\MiKTeX 2.9\tex/latex/oberdiek\epstopdf
-base.sty"
Package: epstopdf-base 2016/05/15 v2.6 Base part for package epstopdf

("C:\Users\Manuel\AppData\Local\Programs\MiKTeX 2.9\tex/latex/oberdiek\grfext.s
ty"
Package: grfext 2016/05/16 v1.2 Manage graphics extensions (HO)

("C:\Users\Manuel\AppData\Local\Programs\MiKTeX 2.9\tex/generic/oberdiek\kvdefi
nekeys.sty"
Package: kvdefinekeys 2016/05/16 v1.4 Define keys (HO)
))
("C:\Users\Manuel\AppData\Local\Programs\MiKTeX 2.9\tex/generic/oberdiek\pdftex
cmds.sty"
Package: pdftexcmds 2018/09/10 v0.29 Utility functions of pdfTeX for LuaTeX (HO
)

("C:\Users\Manuel\AppData\Local\Programs\MiKTeX 2.9\tex/generic/oberdiek\ifpdf.
sty"
Package: ifpdf 2018/09/07 v3.3 Provides the ifpdf switch
)
Package pdftexcmds Info: LuaTeX not detected.
Package pdftexcmds Info: \pdf@primitive is available.
Package pdftexcmds Info: \pdf@ifprimitive is available.
Package pdftexcmds Info: \pdfdraftmode found.
)
Package epstopdf-base Info: Redefining graphics rule for `.eps' on input line 4
38.
Package grfext Info: Graphics extension search list:
(grfext)             [.pdf,.png,.jpg,.mps,.jpeg,.jbig2,.jb2,.PDF,.PNG,.JPG,.JPE
G,.JBIG2,.JB2,.eps]
(grfext)             \AppendGraphicsExtensions on input line 456.
)
<movilportada.png, id=1, 2409.0pt x 2406.9925pt>
File: movilportada.png Graphic file (type png)
<use movilportada.png>
Package pdftex.def Info: movilportada.png  used on input line 23.
(pdftex.def)             Requested size: 85.42636pt x 85.35826pt.
 [1

{C:/Users/Manuel/AppData/Local/MiKTeX/2.9/pdftex/config/pdftex.map} <./movilpor
tada.png>] (antenasmoviles.toc
LaTeX Info: Redefining \. on input line 1.
LaTeX Info: Redefining \% on input line 1.
LaTeX Font Info:    Try loading font information for OT1+lmr on input line 3.

("C:\Users\Manuel\AppData\Local\Programs\MiKTeX 2.9\tex/latex/lm\ot1lmr.fd"
File: ot1lmr.fd 2009/10/30 v1.6 Font defs for Latin Modern
)
LaTeX Font Info:    Try loading font information for OML+lmm on input line 3.

("C:\Users\Manuel\AppData\Local\Programs\MiKTeX 2.9\tex/latex/lm\omllmm.fd"
File: omllmm.fd 2009/10/30 v1.6 Font defs for Latin Modern
)
LaTeX Font Info:    Try loading font information for OMS+lmsy on input line 3.

("C:\Users\Manuel\AppData\Local\Programs\MiKTeX 2.9\tex/latex/lm\omslmsy.fd"
File: omslmsy.fd 2009/10/30 v1.6 Font defs for Latin Modern
)
LaTeX Font Info:    Try loading font information for OMX+lmex on input line 3.

("C:\Users\Manuel\AppData\Local\Programs\MiKTeX 2.9\tex/latex/lm\omxlmex.fd"
File: omxlmex.fd 2009/10/30 v1.6 Font defs for Latin Modern
)
LaTeX Font Info:    External font `lmex10' loaded for size
(Font)              <10.95> on input line 3.
LaTeX Font Info:    External font `lmex10' loaded for size
(Font)              <8> on input line 3.
LaTeX Font Info:    External font `lmex10' loaded for size
(Font)              <6> on input line 3.
)
\tf@toc=\write3
\openout3 = `antenasmoviles.toc'.


[1]
<cero.jpg, id=15, 686.565pt x 662.475pt>
File: cero.jpg Graphic file (type jpg)
<use cero.jpg>
Package pdftex.def Info: cero.jpg  used on input line 41.
(pdftex.def)             Requested size: 180.0pt x 173.67485pt.
 [2 <./cero.jpg>]
<motorola1.jpg, id=19, 481.8pt x 361.35pt>
File: motorola1.jpg Graphic file (type jpg)
<use motorola1.jpg>
Package pdftex.def Info: motorola1.jpg  used on input line 55.
(pdftex.def)             Requested size: 216.0022pt x 161.99948pt.
<motorolam300.jpg, id=20, 376.40625pt x 501.875pt>
File: motorolam300.jpg Graphic file (type jpg)
<use motorolam300.jpg>
Package pdftex.def Info: motorolam300.jpg  used on input line 69.
(pdftex.def)             Requested size: 216.0022pt x 288.00919pt.


LaTeX Warning: `h' float specifier changed to `ht'.

<motorolamr601.jpeg, id=21, 401.5pt x 361.35pt>
File: motorolamr601.jpeg Graphic file (type jpg)
<use motorolamr601.jpeg>
Package pdftex.def Info: motorolamr601.jpeg  used on input line 77.
(pdftex.def)             Requested size: 216.0022pt x 194.4038pt.
[3 <./motorola1.jpg>] [4 <./motorolam300.jpg> <./motorolamr601.jpeg>]
<pifa1.png, id=28, 450.18187pt x 144.54pt>
File: pifa1.png Graphic file (type png)
<use pifa1.png>
Package pdftex.def Info: pifa1.png  used on input line 86.
(pdftex.def)             Requested size: 216.0022pt x 69.35193pt.
<nokia3210.png, id=29, 328.22626pt x 352.31625pt>
File: nokia3210.png Graphic file (type png)
<use nokia3210.png>
Package pdftex.def Info: nokia3210.png  used on input line 93.
(pdftex.def)             Requested size: 216.0022pt x 231.85745pt.
 [5 <./pifa1.png> <./nokia3210.png>]
<nokia6630.png, id=35, 370.38374pt x 224.33812pt>
File: nokia6630.png Graphic file (type png)
<use nokia6630.png>
Package pdftex.def Info: nokia6630.png  used on input line 105.
(pdftex.def)             Requested size: 251.9989pt x 152.63347pt.
<crono.png, id=36, 563.10374pt x 267.24844pt>
File: crono.png Graphic file (type png)
<use crono.png>
Package pdftex.def Info: crono.png  used on input line 111.
(pdftex.def)             Requested size: 431.9989pt x 205.02753pt.

Overfull \hbox (71.9989pt too wide) in paragraph at lines 111--112
 [][] 
 []

[6 <./nokia6630.png> <./crono.png>]
<mimo.jpg, id=41, 321.2pt x 558.085pt>
File: mimo.jpg Graphic file (type jpg)
<use mimo.jpg>
Package pdftex.def Info: mimo.jpg  used on input line 120.
(pdftex.def)             Requested size: 143.9978pt x 250.1992pt.
<mimomovil.png, id=42, 441.90094pt x 401.24907pt>
File: mimomovil.png Graphic file (type png)
<use mimomovil.png>
Package pdftex.def Info: mimomovil.png  used on input line 126.
(pdftex.def)             Requested size: 341.9989pt x 310.5546pt.
 [7 <./mimo.jpg>]
<pifawiki.jpg, id=46, 321.2pt x 524.96124pt>
File: pifawiki.jpg Graphic file (type jpg)
<use pifawiki.jpg>
Package pdftex.def Info: pifawiki.jpg  used on input line 136.
(pdftex.def)             Requested size: 90.0pt x 147.09227pt.
 [8 <./mimomovil.png>]
<pifaplanar.png, id=50, 164.86594pt x 304.13625pt>
File: pifaplanar.png Graphic file (type png)
<use pifaplanar.png>
Package pdftex.def Info: pifaplanar.png  used on input line 143.
(pdftex.def)             Requested size: 143.9978pt x 265.6452pt.

[9 <./pifawiki.jpg> <./pifaplanar.png>]
<fractal.png, id=54, 274.77657pt x 232.61906pt>
File: fractal.png Graphic file (type png)
<use fractal.png>
Package pdftex.def Info: fractal.png  used on input line 159.
(pdftex.def)             Requested size: 216.0022pt x 182.86546pt.
 [10 <./fractal.png>]
<movilgps.png, id=58, 432.86719pt x 294.34969pt>
File: movilgps.png Graphic file (type png)
<use movilgps.png>
Package pdftex.def Info: movilgps.png  used on input line 168.
(pdftex.def)             Requested size: 396.0022pt x 269.29138pt.

Overfull \hbox (36.0022pt too wide) in paragraph at lines 168--169
 [][] 
 []

[11 <./movilgps.png>]
<pifanylon.png, id=62, 366.61969pt x 212.29312pt>
File: pifanylon.png Graphic file (type png)
<use pifanylon.png>
Package pdftex.def Info: pifanylon.png  used on input line 177.
(pdftex.def)             Requested size: 251.9989pt x 145.922pt.
<esquemapifa.png, id=63, 226.59656pt x 130.98938pt>
File: esquemapifa.png Graphic file (type png)
<use esquemapifa.png>
Package pdftex.def Info: esquemapifa.png  used on input line 183.
(pdftex.def)             Requested size: 288.0011pt x 166.48656pt.
 [12 <./pifanylon.png> <./esquemapifa.png>]
<materiales.png, id=69, 651.18282pt x 165.61874pt>
File: materiales.png Graphic file (type png)
<use materiales.png>
Package pdftex.def Info: materiales.png  used on input line 199.
(pdftex.def)             Requested size: 288.0011pt x 73.25153pt.
<ganancia.png, id=70, 555.57562pt x 392.21532pt>
File: ganancia.png Graphic file (type png)
<use ganancia.png>
Package pdftex.def Info: ganancia.png  used on input line 204.
(pdftex.def)             Requested size: 288.0011pt x 203.31876pt.
 [13 <./materiales.png>]
<pifamulti.png, id=80, 410.2828pt x 255.20343pt>
File: pifamulti.png Graphic file (type png)
<use pifamulti.png>
Package pdftex.def Info: pifamulti.png  used on input line 217.
(pdftex.def)             Requested size: 288.0011pt x 179.13962pt.
 [14 <./ganancia.png>]
<parametrosmulti.png, id=84, 365.11406pt x 223.58531pt>
File: parametrosmulti.png Graphic file (type png)
<use parametrosmulti.png>
Package pdftex.def Info: parametrosmulti.png  used on input line 229.
(pdftex.def)             Requested size: 288.0011pt x 176.37115pt.
 [15 <./pifamulti.png> <./parametrosmulti.png>]
[16] (antenasmoviles.aux
LaTeX Info: Redefining \. on input line 6.
LaTeX Info: Redefining \% on input line 6.
) ) 
Here is how much of TeX's memory you used:
 3682 strings out of 492945
 51539 string characters out of 3125808
 126323 words of memory out of 3000000
 7491 multiletter control sequences out of 15000+200000
 46976 words of font info for 36 fonts, out of 3000000 for 9000
 1141 hyphenation exceptions out of 8191
 37i,7n,35p,824b,369s stack positions out of 5000i,500n,10000p,200000b,50000s
{C:/Users/Manuel/AppData/Local/Programs/MiKTeX 2.9/fonts/enc/dvips/lm/lm-mat
hsy.enc}{C:/Users/Manuel/AppData/Local/Programs/MiKTeX 2.9/fonts/enc/dvips/lm/l
m-mathit.enc}{C:/Users/Manuel/AppData/Local/Programs/MiKTeX 2.9/fonts/enc/dvips
/lm/lm-rm.enc}{C:/Users/Manuel/AppData/Local/Programs/MiKTeX 2.9/fonts/enc/dvip
s/lm/lm-ec.enc}<C:/Users/Manuel/AppData/Local/Programs/MiKTeX 2.9/fonts/type1/p
ublic/lm/lmbx10.pfb><C:/Users/Manuel/AppData/Local/Programs/MiKTeX 2.9/fonts/ty
pe1/public/lm/lmbx12.pfb><C:/Users/Manuel/AppData/Local/Programs/MiKTeX 2.9/fon
ts/type1/public/lm/lmmi10.pfb><C:/Users/Manuel/AppData/Local/Programs/MiKTeX 2.
9/fonts/type1/public/lm/lmmi8.pfb><C:/Users/Manuel/AppData/Local/Programs/MiKTe
X 2.9/fonts/type1/public/lm/lmr10.pfb><C:/Users/Manuel/AppData/Local/Programs/M
iKTeX 2.9/fonts/type1/public/lm/lmr12.pfb><C:/Users/Manuel/AppData/Local/Progra
ms/MiKTeX 2.9/fonts/type1/public/lm/lmr8.pfb><C:/Users/Manuel/AppData/Local/Pro
grams/MiKTeX 2.9/fonts/type1/public/lm/lmri12.pfb><C:/Users/Manuel/AppData/Loca
l/Programs/MiKTeX 2.9/fonts/type1/public/lm/lmsy10.pfb><C:/Users/Manuel/AppData
/Local/Programs/MiKTeX 2.9/fonts/type1/public/lm/lmsy8.pfb>
Output written on antenasmoviles.pdf (17 pages, 2212334 bytes).
PDF statistics:
 129 PDF objects out of 1000 (max. 8388607)
 0 named destinations out of 1000 (max. 500000)
 106 words of extra memory for PDF output out of 10000 (max. 10000000)

